# JRE version: Java(TM) SE Runtime Environment 18.9 (11.0.15.1+2) (build 11.0.15.1+2-LTS-10)
# Java VM: Java HotSpot(TM) 64-Bit Server VM 18.9 (11.0.15.1+2-LTS-10, mixed mode, tiered, compressed oops, g1 gc, windows-amd64)
Heap:
 garbage-first heap   total 182272K, used 57849K [0x00000000c1a00000, 0x0000000100000000)
  region size 1024K, 1 young (1024K), 1 survivors (1024K)
 Metaspace       used 6433K, capacity 6579K, committed 6784K, reserved 1056768K
  class space    used 526K, capacity 546K, committed 640K, reserved 1048576K
GC Heap History (10 events):
Event: 12915.566 GC heap after
{Heap after GC invocations=38 (full 0):
 garbage-first heap   total 78848K, used 52806K [0x00000000c1a00000, 0x0000000100000000)
  region size 1024K, 2 young (2048K), 2 survivors (2048K)
 Metaspace       used 6433K, capacity 6579K, committed 6784K, reserved 1056768K
  class space    used 526K, capacity 546K, committed 640K, reserved 1048576K
}
Event: 13031.499 GC heap before
{Heap before GC invocations=39 (full 0):
 garbage-first heap   total 78848K, used 62022K [0x00000000c1a00000, 0x0000000100000000)
  region size 1024K, 11 young (11264K), 2 survivors (2048K)
 Metaspace       used 6433K, capacity 6579K, committed 6784K, reserved 1056768K
  class space    used 526K, capacity 546K, committed 640K, reserved 1048576K
}
Event: 13031.514 GC heap after
{Heap after GC invocations=40 (full 0):
 garbage-first heap   total 78848K, used 53956K [0x00000000c1a00000, 0x0000000100000000)
  region size 1024K, 2 young (2048K), 2 survivors (2048K)
 Metaspace       used 6433K, capacity 6579K, committed 6784K, reserved 1056768K
  class space    used 526K, capacity 546K, committed 640K, reserved 1048576K
}
Event: 13034.536 GC heap before
{Heap before GC invocations=40 (full 0):
 garbage-first heap   total 78848K, used 63172K [0x00000000c1a00000, 0x0000000100000000)
  region size 1024K, 11 young (11264K), 2 survivors (2048K)
 Metaspace       used 6433K, capacity 6579K, committed 6784K, reserved 1056768K
  class space    used 526K, capacity 546K, committed 640K, reserved 1048576K
}
Event: 13035.422 GC heap after
{Heap after GC invocations=41 (full 0):
 garbage-first heap   total 78848K, used 54854K [0x00000000c1a00000, 0x0000000100000000)
  region size 1024K, 2 young (2048K), 2 survivors (2048K)
 Metaspace       used 6433K, capacity 6579K, committed 6784K, reserved 1056768K
  class space    used 526K, capacity 546K, committed 640K, reserved 1048576K
}
Event: 13043.837 GC heap before
{Heap before GC invocations=42 (full 0):
 garbage-first heap   total 78848K, used 64070K [0x00000000c1a00000, 0x0000000100000000)
  region size 1024K, 12 young (12288K), 2 survivors (2048K)
 Metaspace       used 6433K, capacity 6579K, committed 6784K, reserved 1056768K
  class space    used 526K, capacity 546K, committed 640K, reserved 1048576K
}
Event: 13043.873 GC heap after
{Heap after GC invocations=43 (full 0):
 garbage-first heap   total 78848K, used 56009K [0x00000000c1a00000, 0x0000000100000000)
  region size 1024K, 2 young (2048K), 2 survivors (2048K)
 Metaspace       used 6433K, capacity 6579K, committed 6784K, reserved 1056768K
  class space    used 526K, capacity 546K, committed 640K, reserved 1048576K
}
Event: 13048.471 GC heap before
{Heap before GC invocations=43 (full 0):
 garbage-first heap   total 78848K, used 65225K [0x00000000c1a00000, 0x0000000100000000)
  region size 1024K, 11 young (11264K), 2 survivors (2048K)
 Metaspace       used 6433K, capacity 6579K, committed 6784K, reserved 1056768K
  class space    used 526K, capacity 546K, committed 640K, reserved 1048576K
}
Event: 13049.514 GC heap after
{Heap after GC invocations=44 (full 0):
 garbage-first heap   total 78848K, used 57177K [0x00000000c1a00000, 0x0000000100000000)
  region size 1024K, 2 young (2048K), 2 survivors (2048K)
 Metaspace       used 6433K, capacity 6579K, committed 6784K, reserved 1056768K
  class space    used 526K, capacity 546K, committed 640K, reserved 1048576K
}
Event: 13058.097 GC heap before
{Heap before GC invocations=45 (full 0):
 garbage-first heap   total 78848K, used 63321K [0x00000000c1a00000, 0x0000000100000000)
  region size 1024K, 8 young (8192K), 2 survivors (2048K)
 Metaspace       used 6433K, capacity 6579K, committed 6784K, reserved 1056768K
  class space    used 526K, capacity 546K, committed 640K, reserved 1048576K
}

