# JRE version: Java(TM) SE Runtime Environment 18.9 (11.0.15.1+2) (build 11.0.15.1+2-LTS-10)
# Java VM: Java HotSpot(TM) 64-Bit Server VM 18.9 (11.0.15.1+2-LTS-10, mixed mode, tiered, compressed oops, g1 gc, windows-amd64)
Heap:
 garbage-first heap   total 532480K, used 62787K [0x00000000c1a00000, 0x0000000100000000)
  region size 1024K, 3 young (3072K), 3 survivors (3072K)
 Metaspace       used 6267K, capacity 6383K, committed 6528K, reserved 1056768K
  class space    used 510K, capacity 545K, committed 640K, reserved 1048576K
GC Heap History (10 events):
Event: 20366.335 GC heap after
{Heap after GC invocations=44 (full 0):
 garbage-first heap   total 204800K, used 54767K [0x00000000c1a00000, 0x0000000100000000)
  region size 1024K, 2 young (2048K), 2 survivors (2048K)
 Metaspace       used 6267K, capacity 6383K, committed 6528K, reserved 1056768K
  class space    used 510K, capacity 545K, committed 640K, reserved 1048576K
}
Event: 20369.141 GC heap before
{Heap before GC invocations=44 (full 0):
 garbage-first heap   total 204800K, used 63983K [0x00000000c1a00000, 0x0000000100000000)
  region size 1024K, 11 young (11264K), 2 survivors (2048K)
 Metaspace       used 6267K, capacity 6383K, committed 6528K, reserved 1056768K
  class space    used 510K, capacity 545K, committed 640K, reserved 1048576K
}
Event: 20369.152 GC heap after
{Heap after GC invocations=45 (full 0):
 garbage-first heap   total 204800K, used 55854K [0x00000000c1a00000, 0x0000000100000000)
  region size 1024K, 2 young (2048K), 2 survivors (2048K)
 Metaspace       used 6267K, capacity 6383K, committed 6528K, reserved 1056768K
  class space    used 510K, capacity 545K, committed 640K, reserved 1048576K
}
Event: 20372.144 GC heap before
{Heap before GC invocations=45 (full 0):
 garbage-first heap   total 204800K, used 67118K [0x00000000c1a00000, 0x0000000100000000)
  region size 1024K, 13 young (13312K), 2 survivors (2048K)
 Metaspace       used 6267K, capacity 6383K, committed 6528K, reserved 1056768K
  class space    used 510K, capacity 545K, committed 640K, reserved 1048576K
}
Event: 20372.162 GC heap after
{Heap after GC invocations=46 (full 0):
 garbage-first heap   total 204800K, used 56897K [0x00000000c1a00000, 0x0000000100000000)
  region size 1024K, 2 young (2048K), 2 survivors (2048K)
 Metaspace       used 6267K, capacity 6383K, committed 6528K, reserved 1056768K
  class space    used 510K, capacity 545K, committed 640K, reserved 1048576K
}
Event: 20374.453 GC heap before
{Heap before GC invocations=46 (full 0):
 garbage-first heap   total 204800K, used 71233K [0x00000000c1a00000, 0x0000000100000000)
  region size 1024K, 16 young (16384K), 2 survivors (2048K)
 Metaspace       used 6267K, capacity 6383K, committed 6528K, reserved 1056768K
  class space    used 510K, capacity 545K, committed 640K, reserved 1048576K
}
Event: 20374.569 GC heap after
{Heap after GC invocations=47 (full 0):
 garbage-first heap   total 204800K, used 58770K [0x00000000c1a00000, 0x0000000100000000)
  region size 1024K, 2 young (2048K), 2 survivors (2048K)
 Metaspace       used 6267K, capacity 6383K, committed 6528K, reserved 1056768K
  class space    used 510K, capacity 545K, committed 640K, reserved 1048576K
}
Event: 20377.367 GC heap before
{Heap before GC invocations=47 (full 0):
 garbage-first heap   total 204800K, used 74130K [0x00000000c1a00000, 0x0000000100000000)
  region size 1024K, 17 young (17408K), 2 survivors (2048K)
 Metaspace       used 6267K, capacity 6383K, committed 6528K, reserved 1056768K
  class space    used 510K, capacity 545K, committed 640K, reserved 1048576K
}
Event: 20377.378 GC heap after
{Heap after GC invocations=48 (full 0):
 garbage-first heap   total 204800K, used 60365K [0x00000000c1a00000, 0x0000000100000000)
  region size 1024K, 3 young (3072K), 3 survivors (3072K)
 Metaspace       used 6267K, capacity 6383K, committed 6528K, reserved 1056768K
  class space    used 510K, capacity 545K, committed 640K, reserved 1048576K
}
Event: 20383.128 GC heap before
{Heap before GC invocations=48 (full 0):
 garbage-first heap   total 204800K, used 79821K [0x00000000c1a00000, 0x0000000100000000)
  region size 1024K, 22 young (22528K), 3 survivors (3072K)
 Metaspace       used 6267K, capacity 6383K, committed 6528K, reserved 1056768K
  class space    used 510K, capacity 545K, committed 640K, reserved 1048576K
}

