# JRE version: Java(TM) SE Runtime Environment 18.9 (11.0.15.1+2) (build 11.0.15.1+2-LTS-10)
# Java VM: Java HotSpot(TM) 64-Bit Server VM 18.9 (11.0.15.1+2-LTS-10, mixed mode, tiered, compressed oops, g1 gc, windows-amd64)
Heap:
 garbage-first heap   total 479232K, used 64540K [0x00000000c1a00000, 0x0000000100000000)
  region size 1024K, 3 young (3072K), 3 survivors (3072K)
 Metaspace       used 6655K, capacity 6821K, committed 7040K, reserved 1056768K
  class space    used 554K, capacity 584K, committed 640K, reserved 1048576K
GC Heap History (10 events):
Event: 11149.211 GC heap after
{Heap after GC invocations=40 (full 0):
 garbage-first heap   total 159744K, used 56398K [0x00000000c1a00000, 0x0000000100000000)
  region size 1024K, 2 young (2048K), 2 survivors (2048K)
 Metaspace       used 6655K, capacity 6821K, committed 7040K, reserved 1056768K
  class space    used 554K, capacity 584K, committed 640K, reserved 1048576K
}
Event: 11162.895 GC heap before
{Heap before GC invocations=40 (full 0):
 garbage-first heap   total 159744K, used 66638K [0x00000000c1a00000, 0x0000000100000000)
  region size 1024K, 12 young (12288K), 2 survivors (2048K)
 Metaspace       used 6655K, capacity 6821K, committed 7040K, reserved 1056768K
  class space    used 554K, capacity 584K, committed 640K, reserved 1048576K
}
Event: 11162.916 GC heap after
{Heap after GC invocations=41 (full 0):
 garbage-first heap   total 159744K, used 57512K [0x00000000c1a00000, 0x0000000100000000)
  region size 1024K, 2 young (2048K), 2 survivors (2048K)
 Metaspace       used 6655K, capacity 6821K, committed 7040K, reserved 1056768K
  class space    used 554K, capacity 584K, committed 640K, reserved 1048576K
}
Event: 11166.934 GC heap before
{Heap before GC invocations=41 (full 0):
 garbage-first heap   total 159744K, used 68776K [0x00000000c1a00000, 0x0000000100000000)
  region size 1024K, 13 young (13312K), 2 survivors (2048K)
 Metaspace       used 6655K, capacity 6821K, committed 7040K, reserved 1056768K
  class space    used 554K, capacity 584K, committed 640K, reserved 1048576K
}
Event: 11166.985 GC heap after
{Heap after GC invocations=42 (full 0):
 garbage-first heap   total 159744K, used 58825K [0x00000000c1a00000, 0x0000000100000000)
  region size 1024K, 2 young (2048K), 2 survivors (2048K)
 Metaspace       used 6655K, capacity 6821K, committed 7040K, reserved 1056768K
  class space    used 554K, capacity 584K, committed 640K, reserved 1048576K
}
Event: 11170.673 GC heap before
{Heap before GC invocations=42 (full 0):
 garbage-first heap   total 159744K, used 72137K [0x00000000c1a00000, 0x0000000100000000)
  region size 1024K, 15 young (15360K), 2 survivors (2048K)
 Metaspace       used 6655K, capacity 6821K, committed 7040K, reserved 1056768K
  class space    used 554K, capacity 584K, committed 640K, reserved 1048576K
}
Event: 11170.711 GC heap after
{Heap after GC invocations=43 (full 0):
 garbage-first heap   total 159744K, used 60382K [0x00000000c1a00000, 0x0000000100000000)
  region size 1024K, 2 young (2048K), 2 survivors (2048K)
 Metaspace       used 6655K, capacity 6821K, committed 7040K, reserved 1056768K
  class space    used 554K, capacity 584K, committed 640K, reserved 1048576K
}
Event: 11174.179 GC heap before
{Heap before GC invocations=43 (full 0):
 garbage-first heap   total 159744K, used 76766K [0x00000000c1a00000, 0x0000000100000000)
  region size 1024K, 18 young (18432K), 2 survivors (2048K)
 Metaspace       used 6655K, capacity 6821K, committed 7040K, reserved 1056768K
  class space    used 554K, capacity 584K, committed 640K, reserved 1048576K
}
Event: 11174.192 GC heap after
{Heap after GC invocations=44 (full 0):
 garbage-first heap   total 159744K, used 62144K [0x00000000c1a00000, 0x0000000100000000)
  region size 1024K, 3 young (3072K), 3 survivors (3072K)
 Metaspace       used 6655K, capacity 6821K, committed 7040K, reserved 1056768K
  class space    used 554K, capacity 584K, committed 640K, reserved 1048576K
}
Event: 11179.741 GC heap before
{Heap before GC invocations=44 (full 0):
 garbage-first heap   total 159744K, used 81600K [0x00000000c1a00000, 0x0000000100000000)
  region size 1024K, 22 young (22528K), 3 survivors (3072K)
 Metaspace       used 6655K, capacity 6821K, committed 7040K, reserved 1056768K
  class space    used 554K, capacity 584K, committed 640K, reserved 1048576K
}

