# JRE version: Java(TM) SE Runtime Environment 18.9 (11.0.15.1+2) (build 11.0.15.1+2-LTS-10)
# Java VM: Java HotSpot(TM) 64-Bit Server VM 18.9 (11.0.15.1+2-LTS-10, mixed mode, tiered, compressed oops, g1 gc, windows-amd64)
Heap:
 garbage-first heap   total 226304K, used 56643K [0x00000000c1a00000, 0x0000000100000000)
  region size 1024K, 2 young (2048K), 2 survivors (2048K)
 Metaspace       used 6176K, capacity 6300K, committed 6528K, reserved 1056768K
  class space    used 504K, capacity 543K, committed 640K, reserved 1048576K
GC Heap History (10 events):
Event: 3882.065 GC heap after
{Heap after GC invocations=28 (full 0):
 garbage-first heap   total 117760K, used 50419K [0x00000000c1a00000, 0x0000000100000000)
  region size 1024K, 2 young (2048K), 2 survivors (2048K)
 Metaspace       used 6176K, capacity 6300K, committed 6528K, reserved 1056768K
  class space    used 504K, capacity 543K, committed 640K, reserved 1048576K
}
Event: 3891.094 GC heap before
{Heap before GC invocations=28 (full 0):
 garbage-first heap   total 117760K, used 59635K [0x00000000c1a00000, 0x0000000100000000)
  region size 1024K, 11 young (11264K), 2 survivors (2048K)
 Metaspace       used 6176K, capacity 6300K, committed 6528K, reserved 1056768K
  class space    used 504K, capacity 543K, committed 640K, reserved 1048576K
}
Event: 3891.121 GC heap after
{Heap after GC invocations=29 (full 0):
 garbage-first heap   total 117760K, used 51454K [0x00000000c1a00000, 0x0000000100000000)
  region size 1024K, 2 young (2048K), 2 survivors (2048K)
 Metaspace       used 6176K, capacity 6300K, committed 6528K, reserved 1056768K
  class space    used 504K, capacity 543K, committed 640K, reserved 1048576K
}
Event: 4023.406 GC heap before
{Heap before GC invocations=29 (full 0):
 garbage-first heap   total 117760K, used 62718K [0x00000000c1a00000, 0x0000000100000000)
  region size 1024K, 13 young (13312K), 2 survivors (2048K)
 Metaspace       used 6176K, capacity 6300K, committed 6528K, reserved 1056768K
  class space    used 504K, capacity 543K, committed 640K, reserved 1048576K
}
Event: 4023.418 GC heap after
{Heap after GC invocations=30 (full 0):
 garbage-first heap   total 117760K, used 52589K [0x00000000c1a00000, 0x0000000100000000)
  region size 1024K, 2 young (2048K), 2 survivors (2048K)
 Metaspace       used 6176K, capacity 6300K, committed 6528K, reserved 1056768K
  class space    used 504K, capacity 543K, committed 640K, reserved 1048576K
}
Event: 4044.370 GC heap before
{Heap before GC invocations=30 (full 0):
 garbage-first heap   total 117760K, used 63853K [0x00000000c1a00000, 0x0000000100000000)
  region size 1024K, 13 young (13312K), 2 survivors (2048K)
 Metaspace       used 6176K, capacity 6300K, committed 6528K, reserved 1056768K
  class space    used 504K, capacity 543K, committed 640K, reserved 1048576K
}
Event: 4044.534 GC heap after
{Heap after GC invocations=31 (full 0):
 garbage-first heap   total 117760K, used 53981K [0x00000000c1a00000, 0x0000000100000000)
  region size 1024K, 2 young (2048K), 2 survivors (2048K)
 Metaspace       used 6176K, capacity 6300K, committed 6528K, reserved 1056768K
  class space    used 504K, capacity 543K, committed 640K, reserved 1048576K
}
Event: 4045.951 GC heap before
{Heap before GC invocations=31 (full 0):
 garbage-first heap   total 117760K, used 65245K [0x00000000c1a00000, 0x0000000100000000)
  region size 1024K, 13 young (13312K), 2 survivors (2048K)
 Metaspace       used 6176K, capacity 6300K, committed 6528K, reserved 1056768K
  class space    used 504K, capacity 543K, committed 640K, reserved 1048576K
}
Event: 4048.191 GC heap after
{Heap after GC invocations=32 (full 0):
 garbage-first heap   total 117760K, used 55364K [0x00000000c1a00000, 0x0000000100000000)
  region size 1024K, 2 young (2048K), 2 survivors (2048K)
 Metaspace       used 6176K, capacity 6300K, committed 6528K, reserved 1056768K
  class space    used 504K, capacity 543K, committed 640K, reserved 1048576K
}
Event: 4058.759 GC heap before
{Heap before GC invocations=33 (full 0):
 garbage-first heap   total 117760K, used 67652K [0x00000000c1a00000, 0x0000000100000000)
  region size 1024K, 14 young (14336K), 2 survivors (2048K)
 Metaspace       used 6176K, capacity 6300K, committed 6528K, reserved 1056768K
  class space    used 504K, capacity 543K, committed 640K, reserved 1048576K
}

