# JRE version: Java(TM) SE Runtime Environment 18.9 (11.0.15.1+2) (build 11.0.15.1+2-LTS-10)
# Java VM: Java HotSpot(TM) 64-Bit Server VM 18.9 (11.0.15.1+2-LTS-10, mixed mode, tiered, compressed oops, g1 gc, windows-amd64)
Heap:
 garbage-first heap   total 454656K, used 54495K [0x00000000c1a00000, 0x0000000100000000)
  region size 1024K, 2 young (2048K), 2 survivors (2048K)
 Metaspace       used 6175K, capacity 6301K, committed 6528K, reserved 1056768K
  class space    used 504K, capacity 543K, committed 640K, reserved 1048576K
GC Heap History (10 events):
Event: 4077.068 GC heap after
{Heap after GC invocations=32 (full 0):
 garbage-first heap   total 151552K, used 49897K [0x00000000c1a00000, 0x0000000100000000)
  region size 1024K, 1 young (1024K), 1 survivors (1024K)
 Metaspace       used 6175K, capacity 6301K, committed 6528K, reserved 1056768K
  class space    used 504K, capacity 543K, committed 640K, reserved 1048576K
}
Event: 4078.219 GC heap before
{Heap before GC invocations=32 (full 0):
 garbage-first heap   total 151552K, used 57065K [0x00000000c1a00000, 0x0000000100000000)
  region size 1024K, 8 young (8192K), 1 survivors (1024K)
 Metaspace       used 6175K, capacity 6301K, committed 6528K, reserved 1056768K
  class space    used 504K, capacity 543K, committed 640K, reserved 1048576K
}
Event: 4078.343 GC heap after
{Heap after GC invocations=33 (full 0):
 garbage-first heap   total 151552K, used 50738K [0x00000000c1a00000, 0x0000000100000000)
  region size 1024K, 1 young (1024K), 1 survivors (1024K)
 Metaspace       used 6175K, capacity 6301K, committed 6528K, reserved 1056768K
  class space    used 504K, capacity 543K, committed 640K, reserved 1048576K
}
Event: 4087.344 GC heap before
{Heap before GC invocations=33 (full 0):
 garbage-first heap   total 151552K, used 57906K [0x00000000c1a00000, 0x0000000100000000)
  region size 1024K, 8 young (8192K), 1 survivors (1024K)
 Metaspace       used 6175K, capacity 6301K, committed 6528K, reserved 1056768K
  class space    used 504K, capacity 543K, committed 640K, reserved 1048576K
}
Event: 4087.348 GC heap after
{Heap after GC invocations=34 (full 0):
 garbage-first heap   total 151552K, used 51537K [0x00000000c1a00000, 0x0000000100000000)
  region size 1024K, 1 young (1024K), 1 survivors (1024K)
 Metaspace       used 6175K, capacity 6301K, committed 6528K, reserved 1056768K
  class space    used 504K, capacity 543K, committed 640K, reserved 1048576K
}
Event: 4100.434 GC heap before
{Heap before GC invocations=34 (full 0):
 garbage-first heap   total 151552K, used 59729K [0x00000000c1a00000, 0x0000000100000000)
  region size 1024K, 9 young (9216K), 1 survivors (1024K)
 Metaspace       used 6175K, capacity 6301K, committed 6528K, reserved 1056768K
  class space    used 504K, capacity 543K, committed 640K, reserved 1048576K
}
Event: 4100.474 GC heap after
{Heap after GC invocations=35 (full 0):
 garbage-first heap   total 151552K, used 52367K [0x00000000c1a00000, 0x0000000100000000)
  region size 1024K, 2 young (2048K), 2 survivors (2048K)
 Metaspace       used 6175K, capacity 6301K, committed 6528K, reserved 1056768K
  class space    used 504K, capacity 543K, committed 640K, reserved 1048576K
}
Event: 4102.734 GC heap before
{Heap before GC invocations=35 (full 0):
 garbage-first heap   total 151552K, used 61583K [0x00000000c1a00000, 0x0000000100000000)
  region size 1024K, 11 young (11264K), 2 survivors (2048K)
 Metaspace       used 6175K, capacity 6301K, committed 6528K, reserved 1056768K
  class space    used 504K, capacity 543K, committed 640K, reserved 1048576K
}
Event: 4102.774 GC heap after
{Heap after GC invocations=36 (full 0):
 garbage-first heap   total 151552K, used 53457K [0x00000000c1a00000, 0x0000000100000000)
  region size 1024K, 2 young (2048K), 2 survivors (2048K)
 Metaspace       used 6175K, capacity 6301K, committed 6528K, reserved 1056768K
  class space    used 504K, capacity 543K, committed 640K, reserved 1048576K
}
Event: 4104.571 GC heap before
{Heap before GC invocations=36 (full 0):
 garbage-first heap   total 151552K, used 62673K [0x00000000c1a00000, 0x0000000100000000)
  region size 1024K, 12 young (12288K), 2 survivors (2048K)
 Metaspace       used 6175K, capacity 6301K, committed 6528K, reserved 1056768K
  class space    used 504K, capacity 543K, committed 640K, reserved 1048576K
}

