# JRE version: Java(TM) SE Runtime Environment 18.9 (11.0.15.1+2) (build 11.0.15.1+2-LTS-10)
# Java VM: Java HotSpot(TM) 64-Bit Server VM 18.9 (11.0.15.1+2-LTS-10, mixed mode, tiered, compressed oops, g1 gc, windows-amd64)
Heap:
 garbage-first heap   total 521216K, used 65036K [0x00000000c1a00000, 0x0000000100000000)
  region size 1024K, 4 young (4096K), 4 survivors (4096K)
 Metaspace       used 6265K, capacity 6383K, committed 6528K, reserved 1056768K
  class space    used 510K, capacity 545K, committed 640K, reserved 1048576K
GC Heap History (10 events):
Event: 5053.271 GC heap after
{Heap after GC invocations=38 (full 0):
 garbage-first heap   total 186368K, used 56146K [0x00000000c1a00000, 0x0000000100000000)
  region size 1024K, 2 young (2048K), 2 survivors (2048K)
 Metaspace       used 6265K, capacity 6383K, committed 6528K, reserved 1056768K
  class space    used 510K, capacity 545K, committed 640K, reserved 1048576K
}
Event: 5060.691 GC heap before
{Heap before GC invocations=38 (full 0):
 garbage-first heap   total 186368K, used 65362K [0x00000000c1a00000, 0x0000000100000000)
  region size 1024K, 12 young (12288K), 2 survivors (2048K)
 Metaspace       used 6265K, capacity 6383K, committed 6528K, reserved 1056768K
  class space    used 510K, capacity 545K, committed 640K, reserved 1048576K
}
Event: 5060.720 GC heap after
{Heap after GC invocations=39 (full 0):
 garbage-first heap   total 186368K, used 57291K [0x00000000c1a00000, 0x0000000100000000)
  region size 1024K, 2 young (2048K), 2 survivors (2048K)
 Metaspace       used 6265K, capacity 6383K, committed 6528K, reserved 1056768K
  class space    used 510K, capacity 545K, committed 640K, reserved 1048576K
}
Event: 5064.262 GC heap before
{Heap before GC invocations=39 (full 0):
 garbage-first heap   total 186368K, used 69579K [0x00000000c1a00000, 0x0000000100000000)
  region size 1024K, 14 young (14336K), 2 survivors (2048K)
 Metaspace       used 6265K, capacity 6383K, committed 6528K, reserved 1056768K
  class space    used 510K, capacity 545K, committed 640K, reserved 1048576K
}
Event: 5064.304 GC heap after
{Heap after GC invocations=40 (full 0):
 garbage-first heap   total 186368K, used 58757K [0x00000000c1a00000, 0x0000000100000000)
  region size 1024K, 2 young (2048K), 2 survivors (2048K)
 Metaspace       used 6265K, capacity 6383K, committed 6528K, reserved 1056768K
  class space    used 510K, capacity 545K, committed 640K, reserved 1048576K
}
Event: 5066.935 GC heap before
{Heap before GC invocations=40 (full 0):
 garbage-first heap   total 186368K, used 73093K [0x00000000c1a00000, 0x0000000100000000)
  region size 1024K, 16 young (16384K), 2 survivors (2048K)
 Metaspace       used 6265K, capacity 6383K, committed 6528K, reserved 1056768K
  class space    used 510K, capacity 545K, committed 640K, reserved 1048576K
}
Event: 5067.019 GC heap after
{Heap after GC invocations=41 (full 0):
 garbage-first heap   total 186368K, used 60379K [0x00000000c1a00000, 0x0000000100000000)
  region size 1024K, 2 young (2048K), 2 survivors (2048K)
 Metaspace       used 6265K, capacity 6383K, committed 6528K, reserved 1056768K
  class space    used 510K, capacity 545K, committed 640K, reserved 1048576K
}
Event: 5070.805 GC heap before
{Heap before GC invocations=41 (full 0):
 garbage-first heap   total 186368K, used 78811K [0x00000000c1a00000, 0x0000000100000000)
  region size 1024K, 20 young (20480K), 2 survivors (2048K)
 Metaspace       used 6265K, capacity 6383K, committed 6528K, reserved 1056768K
  class space    used 510K, capacity 545K, committed 640K, reserved 1048576K
}
Event: 5070.815 GC heap after
{Heap after GC invocations=42 (full 0):
 garbage-first heap   total 186368K, used 62439K [0x00000000c1a00000, 0x0000000100000000)
  region size 1024K, 3 young (3072K), 3 survivors (3072K)
 Metaspace       used 6265K, capacity 6383K, committed 6528K, reserved 1056768K
  class space    used 510K, capacity 545K, committed 640K, reserved 1048576K
}
Event: 5077.426 GC heap before
{Heap before GC invocations=42 (full 0):
 garbage-first heap   total 186368K, used 85991K [0x00000000c1a00000, 0x0000000100000000)
  region size 1024K, 26 young (26624K), 3 survivors (3072K)
 Metaspace       used 6265K, capacity 6383K, committed 6528K, reserved 1056768K
  class space    used 510K, capacity 545K, committed 640K, reserved 1048576K
}

